{"C:\\Users\\Owner\\Desktop\\Code\\react-components\\.storybook\\Container.js": {"path":"C:\\Users\\Owner\\Desktop\\Code\\react-components\\.storybook\\Container.js","statementMap":{},"fnMap":{},"branchMap":{},"s":{},"f":{},"b":{},"_coverageSchema":"332fd63041d2c1bcb487cc26dd0d5f7d97098a6c","hash":"ef4c181a65f632c75192a21c85edf6d4d32c745a"}
,"C:\\Users\\Owner\\Desktop\\Code\\react-components\\src\\Button\\Button.js": {"path":"C:\\Users\\Owner\\Desktop\\Code\\react-components\\src\\Button\\Button.js","statementMap":{"0":{"start":{"line":4,"column":21},"end":{"line":52,"column":1}},"1":{"start":{"line":54,"column":15},"end":{"line":58,"column":1}},"2":{"start":{"line":55,"column":2},"end":{"line":57,"column":17}}},"fnMap":{"0":{"name":"(anonymous_0)","decl":{"start":{"line":54,"column":15},"end":{"line":54,"column":16}},"loc":{"start":{"line":55,"column":2},"end":{"line":57,"column":17}},"line":55}},"branchMap":{},"s":{"0":1,"1":1,"2":1},"f":{"0":1},"b":{},"_coverageSchema":"332fd63041d2c1bcb487cc26dd0d5f7d97098a6c","hash":"7e0330e8c67cc7904b68cbab190e8871e9c2092c"}
,"C:\\Users\\Owner\\Desktop\\Code\\react-components\\src\\Button\\Button.story.js": {"path":"C:\\Users\\Owner\\Desktop\\Code\\react-components\\src\\Button\\Button.story.js","statementMap":{"0":{"start":{"line":7,"column":0},"end":{"line":8,"column":36}},"1":{"start":{"line":8,"column":24},"end":{"line":8,"column":34}}},"fnMap":{"0":{"name":"(anonymous_0)","decl":{"start":{"line":8,"column":18},"end":{"line":8,"column":19}},"loc":{"start":{"line":8,"column":24},"end":{"line":8,"column":34}},"line":8}},"branchMap":{},"s":{"0":1,"1":1},"f":{"0":1},"b":{},"_coverageSchema":"332fd63041d2c1bcb487cc26dd0d5f7d97098a6c","hash":"4da8a5d255659325b48405de1c1a87a9a066caab"}
,"C:\\Users\\Owner\\Desktop\\Code\\react-components\\src\\Button\\index.js": {"path":"C:\\Users\\Owner\\Desktop\\Code\\react-components\\src\\Button\\index.js","statementMap":{},"fnMap":{},"branchMap":{},"s":{},"f":{},"b":{},"_coverageSchema":"332fd63041d2c1bcb487cc26dd0d5f7d97098a6c","hash":"0b88a8bd4eb28f84764d622d025deacb2ab36f2d"}
}
